2021-03-03 20:00:52 [scrapy.core.scraper] ERROR: Spider error processing <GET https://ieeexplore.ieee.org/document/5428646> (referer: None)
Traceback (most recent call last):
  File "e:\python\python36\lib\site-packages\scrapy\utils\defer.py", line 120, in iter_errback
    yield next(it)
  File "e:\python\python36\lib\site-packages\scrapy\utils\python.py", line 353, in __next__
    return next(self.data)
  File "e:\python\python36\lib\site-packages\scrapy\utils\python.py", line 353, in __next__
    return next(self.data)
  File "e:\python\python36\lib\site-packages\scrapy\core\spidermw.py", line 62, in _evaluate_iterable
    for r in iterable:
  File "e:\python\python36\lib\site-packages\scrapy\spidermiddlewares\offsite.py", line 29, in process_spider_output
    for x in result:
  File "e:\python\python36\lib\site-packages\scrapy\core\spidermw.py", line 62, in _evaluate_iterable
    for r in iterable:
  File "e:\python\python36\lib\site-packages\scrapy\spidermiddlewares\referer.py", line 340, in <genexpr>
    return (_set_referer(r) for r in result or ())
  File "e:\python\python36\lib\site-packages\scrapy\core\spidermw.py", line 62, in _evaluate_iterable
    for r in iterable:
  File "e:\python\python36\lib\site-packages\scrapy\spidermiddlewares\urllength.py", line 37, in <genexpr>
    return (r for r in result or () if _filter(r))
  File "e:\python\python36\lib\site-packages\scrapy\core\spidermw.py", line 62, in _evaluate_iterable
    for r in iterable:
  File "e:\python\python36\lib\site-packages\scrapy\spidermiddlewares\depth.py", line 58, in <genexpr>
    return (r for r in result or () if _filter(r))
  File "e:\python\python36\lib\site-packages\scrapy\core\spidermw.py", line 62, in _evaluate_iterable
    for r in iterable:
  File "E:\Git\GuLab\WebSpider\ACM-IEEE-arXiv-Spider\acaSpider\spiders\Graph_Spider.py", line 54, in parse
    dict_item = self.get_IEEE_item(response)
  File "E:\Git\GuLab\WebSpider\ACM-IEEE-arXiv-Spider\acaSpider\spiders\Graph_Spider.py", line 94, in get_IEEE_item
    authors.append(_temp_name)
AttributeError: 'str' object has no attribute 'append'
2021-03-03 20:04:01 [scrapy.core.scraper] ERROR: Spider error processing <GET https://ieeexplore.ieee.org/document/5428646> (referer: None)
Traceback (most recent call last):
  File "e:\python\python36\lib\site-packages\scrapy\utils\defer.py", line 120, in iter_errback
    yield next(it)
  File "e:\python\python36\lib\site-packages\scrapy\utils\python.py", line 353, in __next__
    return next(self.data)
  File "e:\python\python36\lib\site-packages\scrapy\utils\python.py", line 353, in __next__
    return next(self.data)
  File "e:\python\python36\lib\site-packages\scrapy\core\spidermw.py", line 62, in _evaluate_iterable
    for r in iterable:
  File "e:\python\python36\lib\site-packages\scrapy\spidermiddlewares\offsite.py", line 29, in process_spider_output
    for x in result:
  File "e:\python\python36\lib\site-packages\scrapy\core\spidermw.py", line 62, in _evaluate_iterable
    for r in iterable:
  File "e:\python\python36\lib\site-packages\scrapy\spidermiddlewares\referer.py", line 340, in <genexpr>
    return (_set_referer(r) for r in result or ())
  File "e:\python\python36\lib\site-packages\scrapy\core\spidermw.py", line 62, in _evaluate_iterable
    for r in iterable:
  File "e:\python\python36\lib\site-packages\scrapy\spidermiddlewares\urllength.py", line 37, in <genexpr>
    return (r for r in result or () if _filter(r))
  File "e:\python\python36\lib\site-packages\scrapy\core\spidermw.py", line 62, in _evaluate_iterable
    for r in iterable:
  File "e:\python\python36\lib\site-packages\scrapy\spidermiddlewares\depth.py", line 58, in <genexpr>
    return (r for r in result or () if _filter(r))
  File "e:\python\python36\lib\site-packages\scrapy\core\spidermw.py", line 62, in _evaluate_iterable
    for r in iterable:
  File "E:\Git\GuLab\WebSpider\ACM-IEEE-arXiv-Spider\acaSpider\spiders\Graph_Spider.py", line 54, in parse
    dict_item = self.get_IEEE_item(response)
  File "E:\Git\GuLab\WebSpider\ACM-IEEE-arXiv-Spider\acaSpider\spiders\Graph_Spider.py", line 95, in get_IEEE_item
    authors.append(_temp_name)
AttributeError: 'str' object has no attribute 'append'
